# JRE version: Java(TM) SE Runtime Environment (17.0.9+11) (build 17.0.9+11-LTS-201)
# Java VM: Java HotSpot(TM) 64-Bit Server VM (17.0.9+11-LTS-201, mixed mode, emulated-client, sharing, tiered, compressed oops, compressed class ptrs, g1 gc, windows-amd64)
GC Precious Log:
 CPUs: 16 total, 16 available
 Memory: 16003M
 Large Page Support: Disabled
 NUMA Support: Disabled
 Compressed Oops: Enabled (Zero based)
 Heap Region Size: 2M
 Heap Min Capacity: 8M
 Heap Initial Capacity: 252M
 Heap Max Capacity: 4002M
 Pre-touch: Disabled
 Parallel Workers: 13
 Concurrent Workers: 3
 Concurrent Refinement Workers: 13
 Periodic GC: Disabled
Heap:
 garbage-first heap   total 110592K, used 45649K [0x0000000705e00000, 0x0000000800000000)
  region size 2048K, 2 young (4096K), 2 survivors (4096K)
 Metaspace       used 62412K, committed 63104K, reserved 1114112K
  class space    used 8951K, committed 9280K, reserved 1048576K
GC Heap History (20 events):
Event: 4.618 GC heap after
{Heap after GC invocations=4 (full 0):
 garbage-first heap   total 258048K, used 22301K [0x0000000705e00000, 0x0000000800000000)
  region size 2048K, 3 young (6144K), 3 survivors (6144K)
 Metaspace       used 21138K, committed 21504K, reserved 1114112K
  class space    used 2823K, committed 3008K, reserved 1048576K
}
Event: 5.116 GC heap before
{Heap before GC invocations=5 (full 0):
 garbage-first heap   total 90112K, used 67357K [0x0000000705e00000, 0x0000000800000000)
  region size 2048K, 26 young (53248K), 3 survivors (6144K)
 Metaspace       used 26705K, committed 27136K, reserved 1114112K
  class space    used 3525K, committed 3712K, reserved 1048576K
}
Event: 5.122 GC heap after
{Heap after GC invocations=6 (full 0):
 garbage-first heap   total 90112K, used 24690K [0x0000000705e00000, 0x0000000800000000)
  region size 2048K, 2 young (4096K), 2 survivors (4096K)
 Metaspace       used 26705K, committed 27136K, reserved 1114112K
  class space    used 3525K, committed 3712K, reserved 1048576K
}
Event: 5.147 GC heap before
{Heap before GC invocations=6 (full 0):
 garbage-first heap   total 90112K, used 26738K [0x0000000705e00000, 0x0000000800000000)
  region size 2048K, 3 young (6144K), 2 survivors (4096K)
 Metaspace       used 26742K, committed 27136K, reserved 1114112K
  class space    used 3533K, committed 3712K, reserved 1048576K
}
Event: 5.151 GC heap after
{Heap after GC invocations=7 (full 0):
 garbage-first heap   total 90112K, used 25149K [0x0000000705e00000, 0x0000000800000000)
  region size 2048K, 1 young (2048K), 1 survivors (2048K)
 Metaspace       used 26742K, committed 27136K, reserved 1114112K
  class space    used 3533K, committed 3712K, reserved 1048576K
}
Event: 5.772 GC heap before
{Heap before GC invocations=7 (full 0):
 garbage-first heap   total 90112K, used 62013K [0x0000000705e00000, 0x0000000800000000)
  region size 2048K, 19 young (38912K), 1 survivors (2048K)
 Metaspace       used 29795K, committed 30144K, reserved 1114112K
  class space    used 4007K, committed 4160K, reserved 1048576K
}
Event: 5.777 GC heap after
{Heap after GC invocations=8 (full 0):
 garbage-first heap   total 139264K, used 27189K [0x0000000705e00000, 0x0000000800000000)
  region size 2048K, 2 young (4096K), 2 survivors (4096K)
 Metaspace       used 29795K, committed 30144K, reserved 1114112K
  class space    used 4007K, committed 4160K, reserved 1048576K
}
Event: 6.357 GC heap before
{Heap before GC invocations=8 (full 0):
 garbage-first heap   total 139264K, used 64053K [0x0000000705e00000, 0x0000000800000000)
  region size 2048K, 21 young (43008K), 2 survivors (4096K)
 Metaspace       used 35682K, committed 36160K, reserved 1114112K
  class space    used 4821K, committed 5056K, reserved 1048576K
}
Event: 6.365 GC heap after
{Heap after GC invocations=9 (full 0):
 garbage-first heap   total 139264K, used 30013K [0x0000000705e00000, 0x0000000800000000)
  region size 2048K, 3 young (6144K), 3 survivors (6144K)
 Metaspace       used 35682K, committed 36160K, reserved 1114112K
  class space    used 4821K, committed 5056K, reserved 1048576K
}
Event: 7.081 GC heap before
{Heap before GC invocations=10 (full 0):
 garbage-first heap   total 110592K, used 89405K [0x0000000705e00000, 0x0000000800000000)
  region size 2048K, 32 young (65536K), 3 survivors (6144K)
 Metaspace       used 42745K, committed 43328K, reserved 1114112K
  class space    used 5919K, committed 6208K, reserved 1048576K
}
Event: 7.092 GC heap after
{Heap after GC invocations=11 (full 0):
 garbage-first heap   total 110592K, used 32998K [0x0000000705e00000, 0x0000000800000000)
  region size 2048K, 3 young (6144K), 3 survivors (6144K)
 Metaspace       used 42745K, committed 43328K, reserved 1114112K
  class space    used 5919K, committed 6208K, reserved 1048576K
}
Event: 7.117 GC heap before
{Heap before GC invocations=11 (full 0):
 garbage-first heap   total 110592K, used 35046K [0x0000000705e00000, 0x0000000800000000)
  region size 2048K, 4 young (8192K), 3 survivors (6144K)
 Metaspace       used 42990K, committed 43520K, reserved 1114112K
  class space    used 5952K, committed 6208K, reserved 1048576K
}
Event: 7.126 GC heap after
{Heap after GC invocations=12 (full 0):
 garbage-first heap   total 110592K, used 32403K [0x0000000705e00000, 0x0000000800000000)
  region size 2048K, 1 young (2048K), 1 survivors (2048K)
 Metaspace       used 42990K, committed 43520K, reserved 1114112K
  class space    used 5952K, committed 6208K, reserved 1048576K
}
Event: 7.743 GC heap before
{Heap before GC invocations=12 (full 0):
 garbage-first heap   total 110592K, used 81555K [0x0000000705e00000, 0x0000000800000000)
  region size 2048K, 25 young (51200K), 1 survivors (2048K)
 Metaspace       used 48903K, committed 49472K, reserved 1114112K
  class space    used 6897K, committed 7168K, reserved 1048576K
}
Event: 7.748 GC heap after
{Heap after GC invocations=13 (full 0):
 garbage-first heap   total 110592K, used 38174K [0x0000000705e00000, 0x0000000800000000)
  region size 2048K, 4 young (8192K), 4 survivors (8192K)
 Metaspace       used 48903K, committed 49472K, reserved 1114112K
  class space    used 6897K, committed 7168K, reserved 1048576K
}
Event: 11.090 GC heap before
{Heap before GC invocations=13 (full 0):
 garbage-first heap   total 110592K, used 81182K [0x0000000705e00000, 0x0000000800000000)
  region size 2048K, 25 young (51200K), 4 survivors (8192K)
 Metaspace       used 54670K, committed 55296K, reserved 1114112K
  class space    used 7763K, committed 8064K, reserved 1048576K
}
Event: 11.097 GC heap after
{Heap after GC invocations=14 (full 0):
 garbage-first heap   total 110592K, used 42105K [0x0000000705e00000, 0x0000000800000000)
  region size 2048K, 2 young (4096K), 2 survivors (4096K)
 Metaspace       used 54670K, committed 55296K, reserved 1114112K
  class space    used 7763K, committed 8064K, reserved 1048576K
}
Event: 12.425 GC heap before
{Heap before GC invocations=14 (full 0):
 garbage-first heap   total 110592K, used 62585K [0x0000000705e00000, 0x0000000800000000)
  region size 2048K, 14 young (28672K), 2 survivors (4096K)
 Metaspace       used 59814K, committed 60416K, reserved 1114112K
  class space    used 8490K, committed 8768K, reserved 1048576K
}
Event: 12.430 GC heap after
{Heap after GC invocations=15 (full 0):
 garbage-first heap   total 110592K, used 44062K [0x0000000705e00000, 0x0000000800000000)
  region size 2048K, 1 young (2048K), 1 survivors (2048K)
 Metaspace       used 59814K, committed 60416K, reserved 1114112K
  class space    used 8490K, committed 8768K, reserved 1048576K
}
Event: 318.493 GC heap before
{Heap before GC invocations=16 (full 0):
 garbage-first heap   total 110592K, used 82974K [0x0000000705e00000, 0x0000000800000000)
  region size 2048K, 21 young (43008K), 1 survivors (2048K)
 Metaspace       used 62412K, committed 63104K, reserved 1114112K
  class space    used 8951K, committed 9280K, reserved 1048576K
}

